Clean started: Project: 'PT_on_RTOS'
   deleting intermediate output files for target 'Project'
Rebuild started: Project: PT_on_RTOS
*** Using Compiler 'V5.06 update 6 (build 750)', folder: 'C:\Keil_v5\ARM\ARMCC\Bin'
Rebuild target 'Project'
assembling startup_Nano103.s...
compiling acmp.c...
compiling system_Nano103.c...
compiling rtos_task.c...
compiling main.c...
compiling adc.c...
compiling gpio.c...
compiling crc.c...
compiling fmc.c...
compiling clk.c...
compiling i2c.c...
compiling pdma.c...
compiling retarget.c...
compiling pwm.c...
compiling rtc.c...
compiling sc.c...
compiling scuart.c...
compiling spi.c...
compiling sys.c...
compiling timer.c...
compiling uart.c...
compiling wdt.c...
compiling wwdt.c...
compiling Flash.c...
compiling FIFO.c...
compiling IRQ.c...
compiling nrf24l01.c...
compiling OV2640.c...
compiling user_lib.c...
compiling croutine.c...
compiling W25QXX.c...
compiling event_groups.c...
compiling list.c...
compiling stream_buffer.c...
compiling queue.c...
compiling tasks.c...
compiling port.c...
compiling timers.c...
compiling heap_4.c...
linking...
Program Size: Code=10412 RO-data=344 RW-data=228 ZI-data=9732  
FromELF: creating hex file...
".\Objects\PT_on_RTOS.axf" - 0 Error(s), 0 Warning(s).
Build Time Elapsed:  00:00:09
