*** Using Compiler 'V5.06 update 6 (build 750)', folder: 'C:\Keil_v5\ARM\ARMCC\Bin'
Build target 'Project'
assembling startup_Nano103.s...
compiling rtos_task.c...
..\rtos_task.c(25): error:  #20: identifier "taskOV528Open" is undefined
                      ( TaskFunction_t )  taskOV528Open, 
..\rtos_task.c(63): warning:  #1-D: last line of file ends without a newline
  }
..\rtos_task.c: 1 warning, 1 error
compiling acmp.c...
compiling system_Nano103.c...
compiling adc.c...
compiling clk.c...
compiling main.c...
compiling crc.c...
compiling fmc.c...
compiling gpio.c...
compiling pdma.c...
compiling i2c.c...
compiling retarget.c...
compiling pwm.c...
compiling rtc.c...
compiling scuart.c...
compiling timer.c...
compiling sc.c...
compiling sys.c...
compiling spi.c...
compiling wdt.c...
compiling uart.c...
compiling OV2640.c...
"no source": Error:  #5: cannot open source input file "..\Libraries\User\src\OV2640.c": No such file or directory
..\Libraries\User\src\OV2640.c: 0 warnings, 1 error
compiling wwdt.c...
compiling user_lib.c...
..\Libraries\User\src\user_lib.c(141): error:  #79: expected a type specifier
          arg[ i ] = ( uint8_t )va_arg( marker, ( int )NULL );
..\Libraries\User\src\user_lib.c: 0 warnings, 1 error
compiling FIFO.c...
compiling Flash.c...
compiling IRQ.c...
compiling nrf24l01.c...
compiling croutine.c...
compiling W25QXX.c...
compiling event_groups.c...
compiling list.c...
compiling queue.c...
compiling stream_buffer.c...
compiling tasks.c...
compiling port.c...
compiling heap_4.c...
compiling timers.c...
".\Objects\PT_on_RTOS.axf" - 3 Error(s), 1 Warning(s).
Target not created.
Build Time Elapsed:  00:00:06
